<?xml version="1.0" encoding="UTF-8"?>
<!-- Generated by org.testng.reporters.JUnitReportReporter -->
<testsuite hostname="LAPTOP-S0IS0QVR" failures="0" tests="1" name="TestNG_Classroom_Programs.Alerts" time="6.148" errors="0" timestamp="2021-07-13T08:22:16 IST" skipped="0">
  <testcase classname="TestNG_Classroom_Programs.Alerts" name="handlingalerts" time="6.148"/>
  <system-out/>
</testsuite> <!-- TestNG_Classroom_Programs.Alerts -->
